2024-05-31 10:47:39 INFO  com.ciq.Application - Starting Application using Java 17.0.10 with PID 11580 (C:\Users\panga\eclipse-SpringBoot-practice\019SpringBoot-logger-Demo\target\classes started by panga in C:\Users\panga\eclipse-SpringBoot-practice\019SpringBoot-logger-Demo)
2024-05-31 10:47:39 INFO  com.ciq.Application - No active profile set, falling back to 1 default profile: "default"
2024-05-31 10:47:39 INFO  o.s.b.w.e.tomcat.TomcatWebServer - Tomcat initialized with port 8080 (http)
2024-05-31 10:47:39 INFO  o.a.c.core.AprLifecycleListener - An older version [1.2.35] of the Apache Tomcat Native library is installed, while Tomcat recommends a minimum version of [2.0.5]
2024-05-31 10:47:39 INFO  o.a.c.core.AprLifecycleListener - Loaded Apache Tomcat Native library [1.2.35] using APR version [1.7.0].
2024-05-31 10:47:39 INFO  o.a.c.core.AprLifecycleListener - OpenSSL successfully initialized [OpenSSL 1.1.1q  5 Jul 2022]
2024-05-31 10:47:39 INFO  o.a.coyote.http11.Http11NioProtocol - Initializing ProtocolHandler ["http-nio-8080"]
2024-05-31 10:47:39 INFO  o.a.catalina.core.StandardService - Starting service [Tomcat]
2024-05-31 10:47:39 INFO  o.a.catalina.core.StandardEngine - Starting Servlet engine: [Apache Tomcat/10.1.24]
2024-05-31 10:47:39 INFO  o.a.c.c.C.[Tomcat].[localhost].[/] - Initializing Spring embedded WebApplicationContext
2024-05-31 10:47:39 INFO  o.s.b.w.s.c.ServletWebServerApplicationContext - Root WebApplicationContext: initialization completed in 650 ms
2024-05-31 10:47:40 INFO  o.a.coyote.http11.Http11NioProtocol - Starting ProtocolHandler ["http-nio-8080"]
2024-05-31 10:47:40 INFO  o.s.b.w.e.tomcat.TomcatWebServer - Tomcat started on port 8080 (http) with context path '/'
2024-05-31 10:47:40 INFO  com.ciq.Application - Started Application in 1.305 seconds (process running for 1.743)
2024-05-31 10:52:18 INFO  o.s.b.a.SpringApplicationAdminMXBeanRegistrar$SpringApplicationAdmin - Application shutdown requested.
2024-05-31 10:52:18 INFO  o.a.coyote.http11.Http11NioProtocol - Stopping ProtocolHandler ["http-nio-8080"]
2024-05-31 10:52:59 INFO  com.ciq.Application - Starting Application using Java 17.0.10 with PID 5912 (C:\Users\panga\eclipse-SpringBoot-practice\019SpringBoot-logger-Demo\target\classes started by panga in C:\Users\panga\eclipse-SpringBoot-practice\019SpringBoot-logger-Demo)
2024-05-31 10:52:59 INFO  com.ciq.Application - No active profile set, falling back to 1 default profile: "default"
2024-05-31 10:53:00 INFO  o.s.b.w.e.tomcat.TomcatWebServer - Tomcat initialized with port 8080 (http)
2024-05-31 10:53:00 INFO  o.a.c.core.AprLifecycleListener - An older version [1.2.35] of the Apache Tomcat Native library is installed, while Tomcat recommends a minimum version of [2.0.5]
2024-05-31 10:53:00 INFO  o.a.c.core.AprLifecycleListener - Loaded Apache Tomcat Native library [1.2.35] using APR version [1.7.0].
2024-05-31 10:53:00 INFO  o.a.c.core.AprLifecycleListener - OpenSSL successfully initialized [OpenSSL 1.1.1q  5 Jul 2022]
2024-05-31 10:53:00 INFO  o.a.coyote.http11.Http11NioProtocol - Initializing ProtocolHandler ["http-nio-8080"]
2024-05-31 10:53:00 INFO  o.a.catalina.core.StandardService - Starting service [Tomcat]
2024-05-31 10:53:00 INFO  o.a.catalina.core.StandardEngine - Starting Servlet engine: [Apache Tomcat/10.1.24]
2024-05-31 10:53:00 INFO  o.a.c.c.C.[Tomcat].[localhost].[/] - Initializing Spring embedded WebApplicationContext
2024-05-31 10:53:00 INFO  o.s.b.w.s.c.ServletWebServerApplicationContext - Root WebApplicationContext: initialization completed in 648 ms
2024-05-31 10:53:00 INFO  o.a.coyote.http11.Http11NioProtocol - Starting ProtocolHandler ["http-nio-8080"]
2024-05-31 10:53:00 INFO  o.s.b.w.e.tomcat.TomcatWebServer - Tomcat started on port 8080 (http) with context path '/'
2024-05-31 10:53:00 INFO  com.ciq.Application - Started Application in 1.282 seconds (process running for 1.789)
2024-05-31 10:53:32 INFO  o.s.b.a.SpringApplicationAdminMXBeanRegistrar$SpringApplicationAdmin - Application shutdown requested.
2024-05-31 10:53:32 INFO  o.a.coyote.http11.Http11NioProtocol - Stopping ProtocolHandler ["http-nio-8080"]
2024-05-31 10:53:44 INFO  com.ciq.Application - Starting Application using Java 17.0.10 with PID 15460 (C:\Users\panga\eclipse-SpringBoot-practice\019SpringBoot-logger-Demo\target\classes started by panga in C:\Users\panga\eclipse-SpringBoot-practice\019SpringBoot-logger-Demo)
2024-05-31 10:53:44 INFO  com.ciq.Application - No active profile set, falling back to 1 default profile: "default"
2024-05-31 10:53:44 INFO  o.s.b.w.e.tomcat.TomcatWebServer - Tomcat initialized with port 8080 (http)
2024-05-31 10:53:44 INFO  o.a.c.core.AprLifecycleListener - An older version [1.2.35] of the Apache Tomcat Native library is installed, while Tomcat recommends a minimum version of [2.0.5]
2024-05-31 10:53:44 INFO  o.a.c.core.AprLifecycleListener - Loaded Apache Tomcat Native library [1.2.35] using APR version [1.7.0].
2024-05-31 10:53:44 INFO  o.a.c.core.AprLifecycleListener - OpenSSL successfully initialized [OpenSSL 1.1.1q  5 Jul 2022]
2024-05-31 10:53:44 INFO  o.a.coyote.http11.Http11NioProtocol - Initializing ProtocolHandler ["http-nio-8080"]
2024-05-31 10:53:44 INFO  o.a.catalina.core.StandardService - Starting service [Tomcat]
2024-05-31 10:53:44 INFO  o.a.catalina.core.StandardEngine - Starting Servlet engine: [Apache Tomcat/10.1.24]
2024-05-31 10:53:44 INFO  o.a.c.c.C.[Tomcat].[localhost].[/] - Initializing Spring embedded WebApplicationContext
2024-05-31 10:53:44 INFO  o.s.b.w.s.c.ServletWebServerApplicationContext - Root WebApplicationContext: initialization completed in 614 ms
2024-05-31 10:53:45 INFO  o.a.coyote.http11.Http11NioProtocol - Starting ProtocolHandler ["http-nio-8080"]
2024-05-31 10:53:45 INFO  o.s.b.w.e.tomcat.TomcatWebServer - Tomcat started on port 8080 (http) with context path '/'
2024-05-31 10:53:45 INFO  com.ciq.Application - Started Application in 1.204 seconds (process running for 1.659)
2024-05-31 10:54:41 INFO  o.s.b.a.SpringApplicationAdminMXBeanRegistrar$SpringApplicationAdmin - Application shutdown requested.
2024-05-31 10:54:41 INFO  o.a.coyote.http11.Http11NioProtocol - Stopping ProtocolHandler ["http-nio-8080"]
2024-05-31 10:54:56 INFO  com.ciq.Application - Starting Application using Java 17.0.10 with PID 5916 (C:\Users\panga\eclipse-SpringBoot-practice\019SpringBoot-logger-Demo\target\classes started by panga in C:\Users\panga\eclipse-SpringBoot-practice\019SpringBoot-logger-Demo)
2024-05-31 10:54:56 INFO  com.ciq.Application - No active profile set, falling back to 1 default profile: "default"
2024-05-31 10:54:57 INFO  o.s.b.w.e.tomcat.TomcatWebServer - Tomcat initialized with port 8080 (http)
2024-05-31 10:54:57 INFO  o.a.c.core.AprLifecycleListener - An older version [1.2.35] of the Apache Tomcat Native library is installed, while Tomcat recommends a minimum version of [2.0.5]
2024-05-31 10:54:57 INFO  o.a.c.core.AprLifecycleListener - Loaded Apache Tomcat Native library [1.2.35] using APR version [1.7.0].
2024-05-31 10:54:57 INFO  o.a.c.core.AprLifecycleListener - OpenSSL successfully initialized [OpenSSL 1.1.1q  5 Jul 2022]
2024-05-31 10:54:57 INFO  o.a.coyote.http11.Http11NioProtocol - Initializing ProtocolHandler ["http-nio-8080"]
2024-05-31 10:54:57 INFO  o.a.catalina.core.StandardService - Starting service [Tomcat]
2024-05-31 10:54:57 INFO  o.a.catalina.core.StandardEngine - Starting Servlet engine: [Apache Tomcat/10.1.24]
2024-05-31 10:54:57 INFO  o.a.c.c.C.[Tomcat].[localhost].[/] - Initializing Spring embedded WebApplicationContext
2024-05-31 10:54:57 INFO  o.s.b.w.s.c.ServletWebServerApplicationContext - Root WebApplicationContext: initialization completed in 639 ms
2024-05-31 10:54:57 INFO  o.a.coyote.http11.Http11NioProtocol - Starting ProtocolHandler ["http-nio-8080"]
2024-05-31 10:54:57 INFO  o.s.b.w.e.tomcat.TomcatWebServer - Tomcat started on port 8080 (http) with context path '/'
2024-05-31 10:54:57 INFO  com.ciq.Application - Started Application in 1.255 seconds (process running for 1.705)
2024-05-31 10:56:04 INFO  com.ciq.Application - Starting Application using Java 17.0.10 with PID 19304 (C:\Users\panga\eclipse-SpringBoot-practice\019SpringBoot-logger-Demo\target\classes started by panga in C:\Users\panga\eclipse-SpringBoot-practice\019SpringBoot-logger-Demo)
2024-05-31 10:56:04 INFO  com.ciq.Application - No active profile set, falling back to 1 default profile: "default"
2024-05-31 10:56:05 INFO  o.s.b.w.e.tomcat.TomcatWebServer - Tomcat initialized with port 8080 (http)
2024-05-31 10:56:05 INFO  o.a.c.core.AprLifecycleListener - An older version [1.2.35] of the Apache Tomcat Native library is installed, while Tomcat recommends a minimum version of [2.0.5]
2024-05-31 10:56:05 INFO  o.a.c.core.AprLifecycleListener - Loaded Apache Tomcat Native library [1.2.35] using APR version [1.7.0].
2024-05-31 10:56:05 INFO  o.a.c.core.AprLifecycleListener - OpenSSL successfully initialized [OpenSSL 1.1.1q  5 Jul 2022]
2024-05-31 10:56:05 INFO  o.a.coyote.http11.Http11NioProtocol - Initializing ProtocolHandler ["http-nio-8080"]
2024-05-31 10:56:05 INFO  o.a.catalina.core.StandardService - Starting service [Tomcat]
2024-05-31 10:56:05 INFO  o.a.catalina.core.StandardEngine - Starting Servlet engine: [Apache Tomcat/10.1.24]
2024-05-31 10:56:05 INFO  o.a.c.c.C.[Tomcat].[localhost].[/] - Initializing Spring embedded WebApplicationContext
2024-05-31 10:56:05 INFO  o.s.b.w.s.c.ServletWebServerApplicationContext - Root WebApplicationContext: initialization completed in 541 ms
2024-05-31 10:56:05 INFO  o.a.coyote.http11.Http11NioProtocol - Starting ProtocolHandler ["http-nio-8080"]
2024-05-31 10:56:05 WARN  o.s.b.w.s.c.AnnotationConfigServletWebServerApplicationContext - Exception encountered during context initialization - cancelling refresh attempt: org.springframework.context.ApplicationContextException: Failed to start bean 'webServerStartStop'
2024-05-31 10:56:05 INFO  o.s.b.a.l.ConditionEvaluationReportLogger - 

Error starting ApplicationContext. To display the condition evaluation report re-run your application with 'debug' enabled.
2024-05-31 10:56:05 ERROR o.s.b.d.LoggingFailureAnalysisReporter - 

***************************
APPLICATION FAILED TO START
***************************

Description:

Web server failed to start. Port 8080 was already in use.

Action:

Identify and stop the process that's listening on port 8080 or configure this application to listen on another port.

2024-05-31 10:56:21 INFO  o.s.b.a.SpringApplicationAdminMXBeanRegistrar$SpringApplicationAdmin - Application shutdown requested.
2024-05-31 10:56:21 INFO  o.a.coyote.http11.Http11NioProtocol - Stopping ProtocolHandler ["http-nio-8080"]
